<?xml version="1.0" encoding="UTF-8"?>
<!-- Generated by org.testng.reporters.JUnitReportReporter -->
<testsuite hostname="dell-PC" name="testCases.YandexSearchTest" tests="3" failures="0" timestamp="13 Oct 2019 14:06:51 GMT" time="33.092" errors="0">
  <testcase name="search_For_Web_Resources__Verify_When_User_Search_For_Particular_Topic_And_Hit_Submit_Search_Relavant_Articles_Populated_As_Search_Result" time="12.473" classname="testCases.YandexSearchTest"/>
  <testcase name="help_With_Input__Verify_User_Is_Able_To_Provide_SearchCriteria_with_Onscreen_Keyboard_And_Relvant_SearchResult_Appear" time="12.549" classname="testCases.YandexSearchTest"/>
  <testcase name="help_With_Input__Verify_When_User_Search_For_Particular_Topic_Autosuggestion_Starting_From_Same_Letters_Starts_Appearing" time="8.070" classname="testCases.YandexSearchTest"/>
</testsuite> <!-- testCases.YandexSearchTest -->
